{"testng-results": {
          "reporter-output": {"line": [
                    "Chrome",
                    "56.0.2924.87",
                    "C:\\Users\\yashwanth\\Desktop\\svn\\sprint11\\1001\\uploads\\opal\\MyDemoProject\\suites\\ParallelOneSuit\\.\\Screenshot\\EachStepScreenshot\\530_ParallelOneSuit\\AutomationPassScript\\step_0.png",
                    "C:\\Users\\yashwanth\\Desktop\\svn\\sprint11\\1001\\uploads\\opal\\MyDemoProject\\suites\\ParallelOneSuit\\.\\Videos\\530_ParallelOneSuit_AutomationPassScript.mp4",
                    "Chrome",
                    "70.0.3538.77",
                    "C:\\Users\\yashwanth\\Desktop\\svn\\sprint11\\1001\\uploads\\opal\\MyDemoProject\\suites\\ParallelOneSuit\\.\\Screenshot\\EachStepScreenshot\\530_ParallelOneSuit\\ForLoopScript\\step_0.png",
                    "C:\\Users\\yashwanth\\Desktop\\svn\\sprint11\\1001\\uploads\\opal\\MyDemoProject\\suites\\ParallelOneSuit\\.\\Videos\\530_ParallelOneSuit_ForLoopScript.mp4",
                    "Chrome",
                    "70.0.3538.77",
                    "C:\\Users\\yashwanth\\Desktop\\svn\\sprint11\\1001\\uploads\\opal\\MyDemoProject\\suites\\ParallelOneSuit\\.\\Screenshot\\EachStepScreenshot\\530_ParallelOneSuit\\ForLoopScript\\step_1.png",
                    "Chrome",
                    "70.0.3538.77",
                    "C:\\Users\\yashwanth\\Desktop\\svn\\sprint11\\1001\\uploads\\opal\\MyDemoProject\\suites\\ParallelOneSuit\\.\\Screenshot\\FailedScreenshot\\530_ParallelOneSuit\\ForLoopScript\\step_2.png",
                    "Chrome",
                    "56.0.2924.87",
                    "C:\\Users\\yashwanth\\Desktop\\svn\\sprint11\\1001\\uploads\\opal\\MyDemoProject\\suites\\ParallelOneSuit\\.\\Screenshot\\EachStepScreenshot\\530_ParallelOneSuit\\AutomationPassScript\\step_1.png",
                    "Chrome",
                    "56.0.2924.87",
                    "C:\\Users\\yashwanth\\Desktop\\svn\\sprint11\\1001\\uploads\\opal\\MyDemoProject\\suites\\ParallelOneSuit\\.\\Screenshot\\FailedScreenshot\\530_ParallelOneSuit\\AutomationPassScript\\step_2.png"
          ]},
          "total": 10,
          "suite": {
                    "test": [
                              {
                                        "started-at": "2019-11-18T09:49:22Z",
                                        "name": "Opal1",
                                        "finished-at": "2019-11-18T09:50:15Z",
                                        "class": {
                                                  "test-method": [
                                                            {
                                                                      "reporter-output": {"line": [
                                                                                "Chrome",
                                                                                "70.0.3538.77",
                                                                                "C:\\Users\\yashwanth\\Desktop\\svn\\sprint11\\1001\\uploads\\opal\\MyDemoProject\\suites\\ParallelOneSuit\\.\\Screenshot\\EachStepScreenshot\\530_ParallelOneSuit\\ForLoopScript\\step_0.png",
                                                                                "C:\\Users\\yashwanth\\Desktop\\svn\\sprint11\\1001\\uploads\\opal\\MyDemoProject\\suites\\ParallelOneSuit\\.\\Videos\\530_ParallelOneSuit_ForLoopScript.mp4"
                                                                      ]},
                                                                      "signature": "step_0()[pri:0, instance:AutomationExModule.AutomationExFeature.ForLoopScript@ff5b51f]",
                                                                      "started-at": "2019-11-18T15:19:22Z",
                                                                      "name": "step_0",
                                                                      "finished-at": "2019-11-18T15:19:39Z",
                                                                      "status": "PASS",
                                                                      "duration-ms": 16316
                                                            },
                                                            {
                                                                      "reporter-output": {"line": [
                                                                                "Chrome",
                                                                                "70.0.3538.77",
                                                                                "C:\\Users\\yashwanth\\Desktop\\svn\\sprint11\\1001\\uploads\\opal\\MyDemoProject\\suites\\ParallelOneSuit\\.\\Screenshot\\EachStepScreenshot\\530_ParallelOneSuit\\ForLoopScript\\step_1.png"
                                                                      ]},
                                                                      "signature": "step_1()[pri:0, instance:AutomationExModule.AutomationExFeature.ForLoopScript@ff5b51f]",
                                                                      "started-at": "2019-11-18T15:19:39Z",
                                                                      "name": "step_1",
                                                                      "finished-at": "2019-11-18T15:19:41Z",
                                                                      "status": "PASS",
                                                                      "duration-ms": 2828
                                                            },
                                                            {
                                                                      "exception": {
                                                                                "full-stacktrace": "org.openqa.selenium.NoSuchElementException: no such element: Unable to locate element: {\"method\":\"xpath\",\"selector\":\"//input[@id='userName']\"}\n  (Session info: chrome=70.0.3538.77)\n  (Driver info: chromedriver=2.43.600233 (523efee95e3d68b8719b3a1c83051aa63aa6b10d),platform=Linux 4.14.141-boot2docker x86_64) (WARNING: The server did not provide any stacktrace information)\nCommand duration or timeout: 0 milliseconds\nFor documentation on this error, please visit: http://seleniumhq.org/exceptions/no_such_element.html\nBuild info: version: '3.11.0', revision: 'e59cfb3', time: '2018-03-11T20:26:55.152Z'\nSystem info: host: 'DESKTOP-LSUVMN2', ip: '192.168.99.1', os.name: 'Windows 10', os.arch: 'amd64', os.version: '10.0', java.version: '1.8.0_171'\nDriver info: org.openqa.selenium.remote.RemoteWebDriver\nCapabilities {acceptInsecureCerts: false, acceptSslCerts: false, applicationCacheEnabled: false, browserConnectionEnabled: false, browserName: chrome, chrome: {chromedriverVersion: 2.43.600233 (523efee95e3d68..., userDataDir: /tmp/.org.chromium.Chromium...}, cssSelectorsEnabled: true, databaseEnabled: false, goog:chromeOptions: {debuggerAddress: localhost:38791}, handlesAlerts: true, hasTouchScreen: false, javascriptEnabled: true, locationContextEnabled: true, mobileEmulationEnabled: false, nativeEvents: true, networkConnectionEnabled: false, pageLoadStrategy: normal, platform: LINUX, platformName: LINUX, rotatable: false, setWindowRect: true, takesHeapSnapshot: true, takesScreenshot: true, unexpectedAlertBehaviour: , unhandledPromptBehavior: , version: 70.0.3538.77, webStorageEnabled: true, webdriver.remote.sessionid: 5d45c48c74ecc61c579839efbd1...}\nSession ID: 5d45c48c74ecc61c579839efbd1ffcb1\n*** Element info: {Using=xpath, value=//input[@id='userName']}\r\n\tat sun.reflect.NativeConstructorAccessorImpl.newInstance0(Native Method)\r\n\tat sun.reflect.NativeConstructorAccessorImpl.newInstance(NativeConstructorAccessorImpl.java:62)\r\n\tat sun.reflect.DelegatingConstructorAccessorImpl.newInstance(DelegatingConstructorAccessorImpl.java:45)\r\n\tat java.lang.reflect.Constructor.newInstance(Constructor.java:423)\r\n\tat org.openqa.selenium.remote.ErrorHandler.createThrowable(ErrorHandler.java:214)\r\n\tat org.openqa.selenium.remote.ErrorHandler.throwIfResponseFailed(ErrorHandler.java:166)\r\n\tat org.openqa.selenium.remote.http.JsonHttpResponseCodec.reconstructValue(JsonHttpResponseCodec.java:40)\r\n\tat org.openqa.selenium.remote.http.AbstractHttpResponseCodec.decode(AbstractHttpResponseCodec.java:80)\r\n\tat org.openqa.selenium.remote.http.AbstractHttpResponseCodec.decode(AbstractHttpResponseCodec.java:44)\r\n\tat org.openqa.selenium.remote.HttpCommandExecutor.execute(HttpCommandExecutor.java:158)\r\n\tat org.openqa.selenium.remote.RemoteWebDriver.execute(RemoteWebDriver.java:545)\r\n\tat org.openqa.selenium.remote.RemoteWebDriver.findElement(RemoteWebDriver.java:319)\r\n\tat org.openqa.selenium.remote.RemoteWebDriver.findElementByXPath(RemoteWebDriver.java:421)\r\n\tat org.openqa.selenium.By$ByXPath.findElement(By.java:361)\r\n\tat org.openqa.selenium.remote.RemoteWebDriver.findElement(RemoteWebDriver.java:311)\r\n\tat org.openqa.selenium.support.pagefactory.DefaultElementLocator.findElement(DefaultElementLocator.java:69)\r\n\tat org.openqa.selenium.support.pagefactory.internal.LocatingElementHandler.invoke(LocatingElementHandler.java:38)\r\n\tat com.sun.proxy.$Proxy6.sendKeys(Unknown Source)\r\n\tat reuseablePackage.feature.AllActions.EnterData(AllActions.java:802)\r\n\tat AutomationExModule.AutomationExFeature.ForLoopScript.step_2(ForLoopScript.java:105)\r\n\tat sun.reflect.NativeMethodAccessorImpl.invoke0(Native Method)\r\n\tat sun.reflect.NativeMethodAccessorImpl.invoke(NativeMethodAccessorImpl.java:62)\r\n\tat sun.reflect.DelegatingMethodAccessorImpl.invoke(DelegatingMethodAccessorImpl.java:43)\r\n\tat java.lang.reflect.Method.invoke(Method.java:498)\r\n\tat org.testng.internal.MethodInvocationHelper.invokeMethod(MethodInvocationHelper.java:80)\r\n\tat org.testng.internal.Invoker.invokeMethod(Invoker.java:714)\r\n\tat org.testng.internal.Invoker.invokeTestMethod(Invoker.java:901)\r\n\tat org.testng.internal.Invoker.invokeTestMethods(Invoker.java:1231)\r\n\tat org.testng.internal.TestMethodWorker.invokeTestMethods(TestMethodWorker.java:127)\r\n\tat org.testng.internal.TestMethodWorker.run(TestMethodWorker.java:111)\r\n\tat org.testng.TestRunner.privateRun(TestRunner.java:767)\r\n\tat org.testng.TestRunner.run(TestRunner.java:617)\r\n\tat org.testng.SuiteRunner.runTest(SuiteRunner.java:334)\r\n\tat org.testng.SuiteRunner.access$000(SuiteRunner.java:37)\r\n\tat org.testng.SuiteRunner$SuiteWorker.run(SuiteRunner.java:368)\r\n\tat org.testng.internal.thread.ThreadUtil$2.call(ThreadUtil.java:64)\r\n\tat java.util.concurrent.FutureTask.run(FutureTask.java:266)\r\n\tat java.util.concurrent.ThreadPoolExecutor.runWorker(ThreadPoolExecutor.java:1149)\r\n\tat java.util.concurrent.ThreadPoolExecutor$Worker.run(ThreadPoolExecutor.java:624)\r\n\tat java.lang.Thread.run(Thread.java:748)\r\n",
                                                                                "message": "no such element: Unable to locate element: {\"method\":\"xpath\",\"selector\":\"//input[@id='userName']\"}\n  (Session info: chrome=70.0.3538.77)\n  (Driver info: chromedriver=2.43.600233 (523efee95e3d68b8719b3a1c83051aa63aa6b10d),platform=Linux 4.14.141-boot2docker x86_64) (WARNING: The server did not provide any stacktrace information)\nCommand duration or timeout: 0 milliseconds\nFor documentation on this error, please visit: http://seleniumhq.org/exceptions/no_such_element.html\nBuild info: version: '3.11.0', revision: 'e59cfb3', time: '2018-03-11T20:26:55.152Z'\nSystem info: host: 'DESKTOP-LSUVMN2', ip: '192.168.99.1', os.name: 'Windows 10', os.arch: 'amd64', os.version: '10.0', java.version: '1.8.0_171'\nDriver info: org.openqa.selenium.remote.RemoteWebDriver\nCapabilities {acceptInsecureCerts: false, acceptSslCerts: false, applicationCacheEnabled: false, browserConnectionEnabled: false, browserName: chrome, chrome: {chromedriverVersion: 2.43.600233 (523efee95e3d68..., userDataDir: /tmp/.org.chromium.Chromium...}, cssSelectorsEnabled: true, databaseEnabled: false, goog:chromeOptions: {debuggerAddress: localhost:38791}, handlesAlerts: true, hasTouchScreen: false, javascriptEnabled: true, locationContextEnabled: true, mobileEmulationEnabled: false, nativeEvents: true, networkConnectionEnabled: false, pageLoadStrategy: normal, platform: LINUX, platformName: LINUX, rotatable: false, setWindowRect: true, takesHeapSnapshot: true, takesScreenshot: true, unexpectedAlertBehaviour: , unhandledPromptBehavior: , version: 70.0.3538.77, webStorageEnabled: true, webdriver.remote.sessionid: 5d45c48c74ecc61c579839efbd1...}\nSession ID: 5d45c48c74ecc61c579839efbd1ffcb1\n*** Element info: {Using=xpath, value=//input[@id='userName']}",
                                                                                "class": "org.openqa.selenium.NoSuchElementException"
                                                                      },
                                                                      "reporter-output": {"line": [
                                                                                "Chrome",
                                                                                "70.0.3538.77",
                                                                                "C:\\Users\\yashwanth\\Desktop\\svn\\sprint11\\1001\\uploads\\opal\\MyDemoProject\\suites\\ParallelOneSuit\\.\\Screenshot\\FailedScreenshot\\530_ParallelOneSuit\\ForLoopScript\\step_2.png"
                                                                      ]},
                                                                      "signature": "step_2()[pri:0, instance:AutomationExModule.AutomationExFeature.ForLoopScript@ff5b51f]",
                                                                      "started-at": "2019-11-18T15:19:41Z",
                                                                      "name": "step_2",
                                                                      "finished-at": "2019-11-18T15:20:15Z",
                                                                      "status": "FAIL",
                                                                      "duration-ms": 33114
                                                            }
                                                  ],
                                                  "name": "AutomationExModule.AutomationExFeature.ForLoopScript"
                                        },
                                        "duration-ms": 52302
                              },
                              {
                                        "started-at": "2019-11-18T09:49:22Z",
                                        "name": "Opal2",
                                        "finished-at": "2019-11-18T09:50:56Z",
                                        "class": {
                                                  "test-method": [
                                                            {
                                                                      "reporter-output": {"line": [
                                                                                "Chrome",
                                                                                "56.0.2924.87",
                                                                                "C:\\Users\\yashwanth\\Desktop\\svn\\sprint11\\1001\\uploads\\opal\\MyDemoProject\\suites\\ParallelOneSuit\\.\\Screenshot\\EachStepScreenshot\\530_ParallelOneSuit\\AutomationPassScript\\step_0.png",
                                                                                "C:\\Users\\yashwanth\\Desktop\\svn\\sprint11\\1001\\uploads\\opal\\MyDemoProject\\suites\\ParallelOneSuit\\.\\Videos\\530_ParallelOneSuit_AutomationPassScript.mp4"
                                                                      ]},
                                                                      "signature": "step_0()[pri:0, instance:AutomationExModule.AutomationExFeature.AutomationPassScript@5abca1e0]",
                                                                      "started-at": "2019-11-18T15:19:22Z",
                                                                      "name": "step_0",
                                                                      "finished-at": "2019-11-18T15:19:35Z",
                                                                      "status": "PASS",
                                                                      "duration-ms": 12606
                                                            },
                                                            {
                                                                      "reporter-output": {"line": [
                                                                                "Chrome",
                                                                                "56.0.2924.87",
                                                                                "C:\\Users\\yashwanth\\Desktop\\svn\\sprint11\\1001\\uploads\\opal\\MyDemoProject\\suites\\ParallelOneSuit\\.\\Screenshot\\EachStepScreenshot\\530_ParallelOneSuit\\AutomationPassScript\\step_1.png"
                                                                      ]},
                                                                      "signature": "step_1()[pri:0, instance:AutomationExModule.AutomationExFeature.AutomationPassScript@5abca1e0]",
                                                                      "started-at": "2019-11-18T15:19:35Z",
                                                                      "name": "step_1",
                                                                      "finished-at": "2019-11-18T15:20:17Z",
                                                                      "status": "PASS",
                                                                      "duration-ms": 42424
                                                            },
                                                            {
                                                                      "exception": {
                                                                                "full-stacktrace": "org.openqa.selenium.NoSuchElementException: no such element: Unable to locate element: {\"method\":\"xpath\",\"selector\":\"//input[@id='userName']\"}\n  (Session info: chrome=56.0.2924.87)\n  (Driver info: chromedriver=2.27.440175 (9bc1d90b8bfa4dd181fbbf769a5eb5e575574320),platform=Linux 4.14.141-boot2docker x86_64) (WARNING: The server did not provide any stacktrace information)\nCommand duration or timeout: 30.10 seconds\nFor documentation on this error, please visit: http://seleniumhq.org/exceptions/no_such_element.html\nBuild info: version: '3.0.1', revision: '1969d75', time: '2016-10-18 09:48:19 -0700'\nSystem info: host: '6657aaf7dc08', ip: '172.17.0.4', os.name: 'Linux', os.arch: 'amd64', os.version: '4.14.141-boot2docker', java.version: '1.8.0_121'\nDriver info: org.openqa.selenium.chrome.ChromeDriver\nCapabilities [{applicationCacheEnabled=false, rotatable=false, mobileEmulationEnabled=false, networkConnectionEnabled=false, chrome={chromedriverVersion=2.27.440175 (9bc1d90b8bfa4dd181fbbf769a5eb5e575574320), userDataDir=/tmp/.org.chromium.Chromium.GBQMMW}, takesHeapSnapshot=true, pageLoadStrategy=normal, databaseEnabled=false, handlesAlerts=true, hasTouchScreen=false, version=56.0.2924.87, platform=LINUX, browserConnectionEnabled=false, nativeEvents=true, acceptSslCerts=true, locationContextEnabled=true, webStorageEnabled=true, browserName=chrome, takesScreenshot=true, javascriptEnabled=true, cssSelectorsEnabled=true, unexpectedAlertBehaviour=}]\nSession ID: 348b1b4b07b10fd8ed117696d11cd696\n*** Element info: {Using=xpath, value=//input[@id='userName']}\nCommand duration or timeout: 0 milliseconds\r\n\tat sun.reflect.NativeConstructorAccessorImpl.newInstance0(Native Method)\r\n\tat sun.reflect.NativeConstructorAccessorImpl.newInstance(NativeConstructorAccessorImpl.java:62)\r\n\tat sun.reflect.DelegatingConstructorAccessorImpl.newInstance(DelegatingConstructorAccessorImpl.java:45)\r\n\tat java.lang.reflect.Constructor.newInstance(Constructor.java:423)\r\n\tat org.openqa.selenium.remote.ErrorHandler.createThrowable(ErrorHandler.java:214)\r\n\tat org.openqa.selenium.remote.ErrorHandler.throwIfResponseFailed(ErrorHandler.java:166)\r\n\tat org.openqa.selenium.remote.http.JsonHttpResponseCodec.reconstructValue(JsonHttpResponseCodec.java:40)\r\n\tat org.openqa.selenium.remote.http.AbstractHttpResponseCodec.decode(AbstractHttpResponseCodec.java:80)\r\n\tat org.openqa.selenium.remote.http.AbstractHttpResponseCodec.decode(AbstractHttpResponseCodec.java:44)\r\n\tat org.openqa.selenium.remote.HttpCommandExecutor.execute(HttpCommandExecutor.java:158)\r\n\tat org.openqa.selenium.remote.RemoteWebDriver.execute(RemoteWebDriver.java:545)\r\n\tat org.openqa.selenium.remote.RemoteWebDriver.findElement(RemoteWebDriver.java:319)\r\n\tat org.openqa.selenium.remote.RemoteWebDriver.findElementByXPath(RemoteWebDriver.java:421)\r\n\tat org.openqa.selenium.By$ByXPath.findElement(By.java:361)\r\n\tat org.openqa.selenium.remote.RemoteWebDriver.findElement(RemoteWebDriver.java:311)\r\n\tat org.openqa.selenium.support.pagefactory.DefaultElementLocator.findElement(DefaultElementLocator.java:69)\r\n\tat org.openqa.selenium.support.pagefactory.internal.LocatingElementHandler.invoke(LocatingElementHandler.java:38)\r\n\tat com.sun.proxy.$Proxy6.sendKeys(Unknown Source)\r\n\tat reuseablePackage.feature.AllActions.EnterData(AllActions.java:802)\r\n\tat AutomationExModule.AutomationExFeature.AutomationPassScript.step_2(AutomationPassScript.java:104)\r\n\tat sun.reflect.NativeMethodAccessorImpl.invoke0(Native Method)\r\n\tat sun.reflect.NativeMethodAccessorImpl.invoke(NativeMethodAccessorImpl.java:62)\r\n\tat sun.reflect.DelegatingMethodAccessorImpl.invoke(DelegatingMethodAccessorImpl.java:43)\r\n\tat java.lang.reflect.Method.invoke(Method.java:498)\r\n\tat org.testng.internal.MethodInvocationHelper.invokeMethod(MethodInvocationHelper.java:80)\r\n\tat org.testng.internal.Invoker.invokeMethod(Invoker.java:714)\r\n\tat org.testng.internal.Invoker.invokeTestMethod(Invoker.java:901)\r\n\tat org.testng.internal.Invoker.invokeTestMethods(Invoker.java:1231)\r\n\tat org.testng.internal.TestMethodWorker.invokeTestMethods(TestMethodWorker.java:127)\r\n\tat org.testng.internal.TestMethodWorker.run(TestMethodWorker.java:111)\r\n\tat org.testng.TestRunner.privateRun(TestRunner.java:767)\r\n\tat org.testng.TestRunner.run(TestRunner.java:617)\r\n\tat org.testng.SuiteRunner.runTest(SuiteRunner.java:334)\r\n\tat org.testng.SuiteRunner.access$000(SuiteRunner.java:37)\r\n\tat org.testng.SuiteRunner$SuiteWorker.run(SuiteRunner.java:368)\r\n\tat org.testng.internal.thread.ThreadUtil$2.call(ThreadUtil.java:64)\r\n\tat java.util.concurrent.FutureTask.run(FutureTask.java:266)\r\n\tat java.util.concurrent.ThreadPoolExecutor.runWorker(ThreadPoolExecutor.java:1149)\r\n\tat java.util.concurrent.ThreadPoolExecutor$Worker.run(ThreadPoolExecutor.java:624)\r\n\tat java.lang.Thread.run(Thread.java:748)\r\nCaused by: org.openqa.selenium.remote.ScreenshotException: Screen shot has been taken\r\n\tat org.openqa.selenium.remote.ErrorHandler.throwIfResponseFailed(ErrorHandler.java:140)\r\n\t... 34 more\r\nCaused by: org.openqa.selenium.NoSuchElementException: no such element: Unable to locate element: {\"method\":\"xpath\",\"selector\":\"//input[@id='userName']\"}\n  (Session info: chrome=56.0.2924.87)\n  (Driver info: chromedriver=2.27.440175 (9bc1d90b8bfa4dd181fbbf769a5eb5e575574320),platform=Linux 4.14.141-boot2docker x86_64) (WARNING: The server did not provide any stacktrace information)\nCommand duration or timeout: 30.10 seconds\nFor documentation on this error, please visit: http://seleniumhq.org/exceptions/no_such_element.html\nBuild info: version: '3.0.1', revision: '1969d75', time: '2016-10-18 09:48:19 -0700'\nSystem info: host: '6657aaf7dc08', ip: '172.17.0.4', os.name: 'Linux', os.arch: 'amd64', os.version: '4.14.141-boot2docker', java.version: '1.8.0_121'\nDriver info: org.openqa.selenium.chrome.ChromeDriver\nCapabilities [{applicationCacheEnabled=false, rotatable=false, mobileEmulationEnabled=false, networkConnectionEnabled=false, chrome={chromedriverVersion=2.27.440175 (9bc1d90b8bfa4dd181fbbf769a5eb5e575574320), userDataDir=/tmp/.org.chromium.Chromium.GBQMMW}, takesHeapSnapshot=true, pageLoadStrategy=normal, databaseEnabled=false, handlesAlerts=true, hasTouchScreen=false, version=56.0.2924.87, platform=LINUX, browserConnectionEnabled=false, nativeEvents=true, acceptSslCerts=true, locationContextEnabled=true, webStorageEnabled=true, browserName=chrome, takesScreenshot=true, javascriptEnabled=true, cssSelectorsEnabled=true, unexpectedAlertBehaviour=}]\nSession ID: 348b1b4b07b10fd8ed117696d11cd696\n*** Element info: {Using=xpath, value=//input[@id='userName']}\nFor documentation on this error, please visit: http://seleniumhq.org/exceptions/no_such_element.html\nBuild info: version: '3.11.0', revision: 'e59cfb3', time: '2018-03-11T20:26:55.152Z'\nSystem info: host: 'DESKTOP-LSUVMN2', ip: '192.168.99.1', os.name: 'Windows 10', os.arch: 'amd64', os.version: '10.0', java.version: '1.8.0_171'\nDriver info: driver.version: EventFiringWebDriver\r\n\tat sun.reflect.NativeConstructorAccessorImpl.newInstance0(Native Method)\r\n\tat sun.reflect.NativeConstructorAccessorImpl.newInstance(NativeConstructorAccessorImpl.java:62)\r\n\tat sun.reflect.DelegatingConstructorAccessorImpl.newInstance(DelegatingConstructorAccessorImpl.java:45)\r\n\tat java.lang.reflect.Constructor.newInstance(Constructor.java:423)\r\n\tat org.openqa.selenium.remote.ErrorHandler.createThrowable(ErrorHandler.java:216)\r\n\tat org.openqa.selenium.remote.ErrorHandler.throwIfResponseFailed(ErrorHandler.java:168)\r\n\tat org.openqa.selenium.remote.RemoteWebDriver.execute(RemoteWebDriver.java:635)\r\n\tat org.openqa.selenium.remote.RemoteWebDriver.findElement(RemoteWebDriver.java:368)\r\n\tat org.openqa.selenium.remote.RemoteWebDriver.findElementByXPath(RemoteWebDriver.java:473)\r\n\tat org.openqa.selenium.By$ByXPath.findElement(By.java:361)\r\n\tat org.openqa.selenium.remote.RemoteWebDriver.findElement(RemoteWebDriver.java:360)\r\n\tat sun.reflect.NativeMethodAccessorImpl.invoke0(Native Method)\r\n\tat sun.reflect.NativeMethodAccessorImpl.invoke(NativeMethodAccessorImpl.java:62)\r\n\tat sun.reflect.DelegatingMethodAccessorImpl.invoke(DelegatingMethodAccessorImpl.java:43)\r\n\tat java.lang.reflect.Method.invoke(Method.java:498)\r\n\tat org.openqa.selenium.support.events.EventFiringWebDriver$2.invoke(EventFiringWebDriver.java:103)\r\n\tat com.sun.proxy.$Proxy6.findElement(Unknown Source)\r\n\tat org.openqa.selenium.support.events.EventFiringWebDriver.findElement(EventFiringWebDriver.java:187)\r\n\tat org.openqa.selenium.remote.server.handler.FindElement.call(FindElement.java:48)\r\n\tat org.openqa.selenium.remote.server.handler.FindElement.call(FindElement.java:33)\r\n\tat java.util.concurrent.FutureTask.run(FutureTask.java:266)\r\n\tat org.openqa.selenium.remote.server.DefaultSession$1.run(DefaultSession.java:176)\r\n\tat java.util.concurrent.ThreadPoolExecutor.runWorker(ThreadPoolExecutor.java:1142)\r\n\tat java.util.concurrent.ThreadPoolExecutor$Worker.run(ThreadPoolExecutor.java:617)\r\n\tat java.lang.Thread.run(Thread.java:745)\r\n",
                                                                                "message": "no such element: Unable to locate element: {\"method\":\"xpath\",\"selector\":\"//input[@id='userName']\"}\n  (Session info: chrome=56.0.2924.87)\n  (Driver info: chromedriver=2.27.440175 (9bc1d90b8bfa4dd181fbbf769a5eb5e575574320),platform=Linux 4.14.141-boot2docker x86_64) (WARNING: The server did not provide any stacktrace information)\nCommand duration or timeout: 30.10 seconds\nFor documentation on this error, please visit: http://seleniumhq.org/exceptions/no_such_element.html\nBuild info: version: '3.0.1', revision: '1969d75', time: '2016-10-18 09:48:19 -0700'\nSystem info: host: '6657aaf7dc08', ip: '172.17.0.4', os.name: 'Linux', os.arch: 'amd64', os.version: '4.14.141-boot2docker', java.version: '1.8.0_121'\nDriver info: org.openqa.selenium.chrome.ChromeDriver\nCapabilities [{applicationCacheEnabled=false, rotatable=false, mobileEmulationEnabled=false, networkConnectionEnabled=false, chrome={chromedriverVersion=2.27.440175 (9bc1d90b8bfa4dd181fbbf769a5eb5e575574320), userDataDir=/tmp/.org.chromium.Chromium.GBQMMW}, takesHeapSnapshot=true, pageLoadStrategy=normal, databaseEnabled=false, handlesAlerts=true, hasTouchScreen=false, version=56.0.2924.87, platform=LINUX, browserConnectionEnabled=false, nativeEvents=true, acceptSslCerts=true, locationContextEnabled=true, webStorageEnabled=true, browserName=chrome, takesScreenshot=true, javascriptEnabled=true, cssSelectorsEnabled=true, unexpectedAlertBehaviour=}]\nSession ID: 348b1b4b07b10fd8ed117696d11cd696\n*** Element info: {Using=xpath, value=//input[@id='userName']}\nCommand duration or timeout: 0 milliseconds",
                                                                                "class": "org.openqa.selenium.NoSuchElementException"
                                                                      },
                                                                      "reporter-output": {"line": [
                                                                                "Chrome",
                                                                                "56.0.2924.87",
                                                                                "C:\\Users\\yashwanth\\Desktop\\svn\\sprint11\\1001\\uploads\\opal\\MyDemoProject\\suites\\ParallelOneSuit\\.\\Screenshot\\FailedScreenshot\\530_ParallelOneSuit\\AutomationPassScript\\step_2.png"
                                                                      ]},
                                                                      "signature": "step_2()[pri:0, instance:AutomationExModule.AutomationExFeature.AutomationPassScript@5abca1e0]",
                                                                      "started-at": "2019-11-18T15:20:17Z",
                                                                      "name": "step_2",
                                                                      "finished-at": "2019-11-18T15:20:56Z",
                                                                      "status": "FAIL",
                                                                      "duration-ms": 38908
                                                            },
                                                            {
                                                                      "exception": {
                                                                                "full-stacktrace": "org.openqa.selenium.NoSuchSessionException: Session ID is null. Using WebDriver after calling quit()?\nBuild info: version: '3.11.0', revision: 'e59cfb3', time: '2018-03-11T20:26:55.152Z'\nSystem info: host: 'DESKTOP-LSUVMN2', ip: '192.168.99.1', os.name: 'Windows 10', os.arch: 'amd64', os.version: '10.0', java.version: '1.8.0_171'\nDriver info: driver.version: RemoteWebDriver\r\n\tat org.openqa.selenium.remote.HttpCommandExecutor.execute(HttpCommandExecutor.java:125)\r\n\tat org.openqa.selenium.remote.RemoteWebDriver.execute(RemoteWebDriver.java:545)\r\n\tat org.openqa.selenium.remote.RemoteWebDriver.execute(RemoteWebDriver.java:602)\r\n\tat org.openqa.selenium.remote.RemoteWebDriver.getScreenshotAs(RemoteWebDriver.java:291)\r\n\tat reuseablePackage.feature.AllActions.CaptureOnFailure(AllActions.java:1093)\r\n\tat AutomationExModule.AutomationExFeature.AutomationPassScript.step_3(AutomationPassScript.java:144)\r\n\tat sun.reflect.NativeMethodAccessorImpl.invoke0(Native Method)\r\n\tat sun.reflect.NativeMethodAccessorImpl.invoke(NativeMethodAccessorImpl.java:62)\r\n\tat sun.reflect.DelegatingMethodAccessorImpl.invoke(DelegatingMethodAccessorImpl.java:43)\r\n\tat java.lang.reflect.Method.invoke(Method.java:498)\r\n\tat org.testng.internal.MethodInvocationHelper.invokeMethod(MethodInvocationHelper.java:80)\r\n\tat org.testng.internal.Invoker.invokeMethod(Invoker.java:714)\r\n\tat org.testng.internal.Invoker.invokeTestMethod(Invoker.java:901)\r\n\tat org.testng.internal.Invoker.invokeTestMethods(Invoker.java:1231)\r\n\tat org.testng.internal.TestMethodWorker.invokeTestMethods(TestMethodWorker.java:127)\r\n\tat org.testng.internal.TestMethodWorker.run(TestMethodWorker.java:111)\r\n\tat org.testng.TestRunner.privateRun(TestRunner.java:767)\r\n\tat org.testng.TestRunner.run(TestRunner.java:617)\r\n\tat org.testng.SuiteRunner.runTest(SuiteRunner.java:334)\r\n\tat org.testng.SuiteRunner.access$000(SuiteRunner.java:37)\r\n\tat org.testng.SuiteRunner$SuiteWorker.run(SuiteRunner.java:368)\r\n\tat org.testng.internal.thread.ThreadUtil$2.call(ThreadUtil.java:64)\r\n\tat java.util.concurrent.FutureTask.run(FutureTask.java:266)\r\n\tat java.util.concurrent.ThreadPoolExecutor.runWorker(ThreadPoolExecutor.java:1149)\r\n\tat java.util.concurrent.ThreadPoolExecutor$Worker.run(ThreadPoolExecutor.java:624)\r\n\tat java.lang.Thread.run(Thread.java:748)\r\n",
                                                                                "message": "Session ID is null. Using WebDriver after calling quit()?\nBuild info: version: '3.11.0', revision: 'e59cfb3', time: '2018-03-11T20:26:55.152Z'\nSystem info: host: 'DESKTOP-LSUVMN2', ip: '192.168.99.1', os.name: 'Windows 10', os.arch: 'amd64', os.version: '10.0', java.version: '1.8.0_171'\nDriver info: driver.version: RemoteWebDriver",
                                                                                "class": "org.openqa.selenium.NoSuchSessionException"
                                                                      },
                                                                      "reporter-output": "",
                                                                      "signature": "step_3()[pri:0, instance:AutomationExModule.AutomationExFeature.AutomationPassScript@5abca1e0]",
                                                                      "started-at": "2019-11-18T15:20:56Z",
                                                                      "name": "step_3",
                                                                      "finished-at": "2019-11-18T15:20:56Z",
                                                                      "status": "FAIL",
                                                                      "duration-ms": 33
                                                            },
                                                            {
                                                                      "exception": {
                                                                                "full-stacktrace": "org.openqa.selenium.NoSuchSessionException: Session ID is null. Using WebDriver after calling quit()?\nBuild info: version: '3.11.0', revision: 'e59cfb3', time: '2018-03-11T20:26:55.152Z'\nSystem info: host: 'DESKTOP-LSUVMN2', ip: '192.168.99.1', os.name: 'Windows 10', os.arch: 'amd64', os.version: '10.0', java.version: '1.8.0_171'\nDriver info: driver.version: RemoteWebDriver\r\n\tat org.openqa.selenium.remote.HttpCommandExecutor.execute(HttpCommandExecutor.java:125)\r\n\tat org.openqa.selenium.remote.RemoteWebDriver.execute(RemoteWebDriver.java:545)\r\n\tat org.openqa.selenium.remote.RemoteWebDriver.execute(RemoteWebDriver.java:602)\r\n\tat org.openqa.selenium.remote.RemoteWebDriver.getScreenshotAs(RemoteWebDriver.java:291)\r\n\tat reuseablePackage.feature.AllActions.CaptureOnFailure(AllActions.java:1093)\r\n\tat AutomationExModule.AutomationExFeature.AutomationPassScript.step_4(AutomationPassScript.java:173)\r\n\tat sun.reflect.NativeMethodAccessorImpl.invoke0(Native Method)\r\n\tat sun.reflect.NativeMethodAccessorImpl.invoke(NativeMethodAccessorImpl.java:62)\r\n\tat sun.reflect.DelegatingMethodAccessorImpl.invoke(DelegatingMethodAccessorImpl.java:43)\r\n\tat java.lang.reflect.Method.invoke(Method.java:498)\r\n\tat org.testng.internal.MethodInvocationHelper.invokeMethod(MethodInvocationHelper.java:80)\r\n\tat org.testng.internal.Invoker.invokeMethod(Invoker.java:714)\r\n\tat org.testng.internal.Invoker.invokeTestMethod(Invoker.java:901)\r\n\tat org.testng.internal.Invoker.invokeTestMethods(Invoker.java:1231)\r\n\tat org.testng.internal.TestMethodWorker.invokeTestMethods(TestMethodWorker.java:127)\r\n\tat org.testng.internal.TestMethodWorker.run(TestMethodWorker.java:111)\r\n\tat org.testng.TestRunner.privateRun(TestRunner.java:767)\r\n\tat org.testng.TestRunner.run(TestRunner.java:617)\r\n\tat org.testng.SuiteRunner.runTest(SuiteRunner.java:334)\r\n\tat org.testng.SuiteRunner.access$000(SuiteRunner.java:37)\r\n\tat org.testng.SuiteRunner$SuiteWorker.run(SuiteRunner.java:368)\r\n\tat org.testng.internal.thread.ThreadUtil$2.call(ThreadUtil.java:64)\r\n\tat java.util.concurrent.FutureTask.run(FutureTask.java:266)\r\n\tat java.util.concurrent.ThreadPoolExecutor.runWorker(ThreadPoolExecutor.java:1149)\r\n\tat java.util.concurrent.ThreadPoolExecutor$Worker.run(ThreadPoolExecutor.java:624)\r\n\tat java.lang.Thread.run(Thread.java:748)\r\n",
                                                                                "message": "Session ID is null. Using WebDriver after calling quit()?\nBuild info: version: '3.11.0', revision: 'e59cfb3', time: '2018-03-11T20:26:55.152Z'\nSystem info: host: 'DESKTOP-LSUVMN2', ip: '192.168.99.1', os.name: 'Windows 10', os.arch: 'amd64', os.version: '10.0', java.version: '1.8.0_171'\nDriver info: driver.version: RemoteWebDriver",
                                                                                "class": "org.openqa.selenium.NoSuchSessionException"
                                                                      },
                                                                      "reporter-output": "",
                                                                      "signature": "step_4()[pri:0, instance:AutomationExModule.AutomationExFeature.AutomationPassScript@5abca1e0]",
                                                                      "started-at": "2019-11-18T15:20:56Z",
                                                                      "name": "step_4",
                                                                      "finished-at": "2019-11-18T15:20:56Z",
                                                                      "status": "FAIL",
                                                                      "duration-ms": 2
                                                            },
                                                            {
                                                                      "exception": {
                                                                                "full-stacktrace": "org.openqa.selenium.NoSuchSessionException: Session ID is null. Using WebDriver after calling quit()?\nBuild info: version: '3.11.0', revision: 'e59cfb3', time: '2018-03-11T20:26:55.152Z'\nSystem info: host: 'DESKTOP-LSUVMN2', ip: '192.168.99.1', os.name: 'Windows 10', os.arch: 'amd64', os.version: '10.0', java.version: '1.8.0_171'\nDriver info: driver.version: RemoteWebDriver\r\n\tat org.openqa.selenium.remote.HttpCommandExecutor.execute(HttpCommandExecutor.java:125)\r\n\tat org.openqa.selenium.remote.RemoteWebDriver.execute(RemoteWebDriver.java:545)\r\n\tat org.openqa.selenium.remote.RemoteWebDriver.execute(RemoteWebDriver.java:602)\r\n\tat org.openqa.selenium.remote.RemoteWebDriver.getScreenshotAs(RemoteWebDriver.java:291)\r\n\tat reuseablePackage.feature.AllActions.CaptureOnFailure(AllActions.java:1093)\r\n\tat AutomationExModule.AutomationExFeature.AutomationPassScript.step_5(AutomationPassScript.java:202)\r\n\tat sun.reflect.NativeMethodAccessorImpl.invoke0(Native Method)\r\n\tat sun.reflect.NativeMethodAccessorImpl.invoke(NativeMethodAccessorImpl.java:62)\r\n\tat sun.reflect.DelegatingMethodAccessorImpl.invoke(DelegatingMethodAccessorImpl.java:43)\r\n\tat java.lang.reflect.Method.invoke(Method.java:498)\r\n\tat org.testng.internal.MethodInvocationHelper.invokeMethod(MethodInvocationHelper.java:80)\r\n\tat org.testng.internal.Invoker.invokeMethod(Invoker.java:714)\r\n\tat org.testng.internal.Invoker.invokeTestMethod(Invoker.java:901)\r\n\tat org.testng.internal.Invoker.invokeTestMethods(Invoker.java:1231)\r\n\tat org.testng.internal.TestMethodWorker.invokeTestMethods(TestMethodWorker.java:127)\r\n\tat org.testng.internal.TestMethodWorker.run(TestMethodWorker.java:111)\r\n\tat org.testng.TestRunner.privateRun(TestRunner.java:767)\r\n\tat org.testng.TestRunner.run(TestRunner.java:617)\r\n\tat org.testng.SuiteRunner.runTest(SuiteRunner.java:334)\r\n\tat org.testng.SuiteRunner.access$000(SuiteRunner.java:37)\r\n\tat org.testng.SuiteRunner$SuiteWorker.run(SuiteRunner.java:368)\r\n\tat org.testng.internal.thread.ThreadUtil$2.call(ThreadUtil.java:64)\r\n\tat java.util.concurrent.FutureTask.run(FutureTask.java:266)\r\n\tat java.util.concurrent.ThreadPoolExecutor.runWorker(ThreadPoolExecutor.java:1149)\r\n\tat java.util.concurrent.ThreadPoolExecutor$Worker.run(ThreadPoolExecutor.java:624)\r\n\tat java.lang.Thread.run(Thread.java:748)\r\n",
                                                                                "message": "Session ID is null. Using WebDriver after calling quit()?\nBuild info: version: '3.11.0', revision: 'e59cfb3', time: '2018-03-11T20:26:55.152Z'\nSystem info: host: 'DESKTOP-LSUVMN2', ip: '192.168.99.1', os.name: 'Windows 10', os.arch: 'amd64', os.version: '10.0', java.version: '1.8.0_171'\nDriver info: driver.version: RemoteWebDriver",
                                                                                "class": "org.openqa.selenium.NoSuchSessionException"
                                                                      },
                                                                      "reporter-output": "",
                                                                      "signature": "step_5()[pri:0, instance:AutomationExModule.AutomationExFeature.AutomationPassScript@5abca1e0]",
                                                                      "started-at": "2019-11-18T15:20:56Z",
                                                                      "name": "step_5",
                                                                      "finished-at": "2019-11-18T15:20:56Z",
                                                                      "status": "FAIL",
                                                                      "duration-ms": 3
                                                            },
                                                            {
                                                                      "exception": {
                                                                                "full-stacktrace": "org.openqa.selenium.NoSuchSessionException: Session ID is null. Using WebDriver after calling quit()?\nBuild info: version: '3.11.0', revision: 'e59cfb3', time: '2018-03-11T20:26:55.152Z'\nSystem info: host: 'DESKTOP-LSUVMN2', ip: '192.168.99.1', os.name: 'Windows 10', os.arch: 'amd64', os.version: '10.0', java.version: '1.8.0_171'\nDriver info: driver.version: RemoteWebDriver\r\n\tat org.openqa.selenium.remote.HttpCommandExecutor.execute(HttpCommandExecutor.java:125)\r\n\tat org.openqa.selenium.remote.RemoteWebDriver.execute(RemoteWebDriver.java:545)\r\n\tat org.openqa.selenium.remote.RemoteWebDriver.execute(RemoteWebDriver.java:602)\r\n\tat org.openqa.selenium.remote.RemoteWebDriver.getScreenshotAs(RemoteWebDriver.java:291)\r\n\tat reuseablePackage.feature.AllActions.CaptureOnFailure(AllActions.java:1093)\r\n\tat AutomationExModule.AutomationExFeature.AutomationPassScript.step_6(AutomationPassScript.java:235)\r\n\tat sun.reflect.NativeMethodAccessorImpl.invoke0(Native Method)\r\n\tat sun.reflect.NativeMethodAccessorImpl.invoke(NativeMethodAccessorImpl.java:62)\r\n\tat sun.reflect.DelegatingMethodAccessorImpl.invoke(DelegatingMethodAccessorImpl.java:43)\r\n\tat java.lang.reflect.Method.invoke(Method.java:498)\r\n\tat org.testng.internal.MethodInvocationHelper.invokeMethod(MethodInvocationHelper.java:80)\r\n\tat org.testng.internal.Invoker.invokeMethod(Invoker.java:714)\r\n\tat org.testng.internal.Invoker.invokeTestMethod(Invoker.java:901)\r\n\tat org.testng.internal.Invoker.invokeTestMethods(Invoker.java:1231)\r\n\tat org.testng.internal.TestMethodWorker.invokeTestMethods(TestMethodWorker.java:127)\r\n\tat org.testng.internal.TestMethodWorker.run(TestMethodWorker.java:111)\r\n\tat org.testng.TestRunner.privateRun(TestRunner.java:767)\r\n\tat org.testng.TestRunner.run(TestRunner.java:617)\r\n\tat org.testng.SuiteRunner.runTest(SuiteRunner.java:334)\r\n\tat org.testng.SuiteRunner.access$000(SuiteRunner.java:37)\r\n\tat org.testng.SuiteRunner$SuiteWorker.run(SuiteRunner.java:368)\r\n\tat org.testng.internal.thread.ThreadUtil$2.call(ThreadUtil.java:64)\r\n\tat java.util.concurrent.FutureTask.run(FutureTask.java:266)\r\n\tat java.util.concurrent.ThreadPoolExecutor.runWorker(ThreadPoolExecutor.java:1149)\r\n\tat java.util.concurrent.ThreadPoolExecutor$Worker.run(ThreadPoolExecutor.java:624)\r\n\tat java.lang.Thread.run(Thread.java:748)\r\n",
                                                                                "message": "Session ID is null. Using WebDriver after calling quit()?\nBuild info: version: '3.11.0', revision: 'e59cfb3', time: '2018-03-11T20:26:55.152Z'\nSystem info: host: 'DESKTOP-LSUVMN2', ip: '192.168.99.1', os.name: 'Windows 10', os.arch: 'amd64', os.version: '10.0', java.version: '1.8.0_171'\nDriver info: driver.version: RemoteWebDriver",
                                                                                "class": "org.openqa.selenium.NoSuchSessionException"
                                                                      },
                                                                      "reporter-output": "",
                                                                      "signature": "step_6()[pri:0, instance:AutomationExModule.AutomationExFeature.AutomationPassScript@5abca1e0]",
                                                                      "started-at": "2019-11-18T15:20:56Z",
                                                                      "name": "step_6",
                                                                      "finished-at": "2019-11-18T15:20:56Z",
                                                                      "status": "FAIL",
                                                                      "duration-ms": 8
                                                            }
                                                  ],
                                                  "name": "AutomationExModule.AutomationExFeature.AutomationPassScript"
                                        },
                                        "duration-ms": 93992
                              }
                    ],
                    "started-at": "2019-11-18T09:49:22Z",
                    "name": "ParallelOneSuit",
                    "groups": "",
                    "finished-at": "2019-11-18T09:50:56Z",
                    "duration-ms": 94028
          },
          "failed": 6,
          "passed": 4,
          "skipped": 0
}}