{"testng-results": {
          "reporter-output": {"line": [
                    "Chrome",
                    "77.0.3865.75",
                    "C:\\Users\\yashwanth\\Desktop\\svn\\sprint11\\1001\\uploads\\opal\\MyDemoProject\\suites\\OCTEXPsuite\\.\\Screenshot\\EachStepScreenshot\\523_OCTEXPsuite\\ExceptionTestCase\\step_0.png",
                    "C:\\Users\\yashwanth\\Desktop\\svn\\sprint11\\1001\\uploads\\opal\\MyDemoProject\\suites\\OCTEXPsuite\\.\\Videos\\523_OCTEXPsuite_ExceptionTestCase.mp4",
                    "Chrome",
                    "77.0.3865.75",
                    "C:\\Users\\yashwanth\\Desktop\\svn\\sprint11\\1001\\uploads\\opal\\MyDemoProject\\suites\\OCTEXPsuite\\.\\Screenshot\\EachStepScreenshot\\523_OCTEXPsuite\\ExceptionTestCase\\step_1.png",
                    "Chrome",
                    "77.0.3865.75",
                    "C:\\Users\\yashwanth\\Desktop\\svn\\sprint11\\1001\\uploads\\opal\\MyDemoProject\\suites\\OCTEXPsuite\\.\\Screenshot\\EachStepScreenshot\\523_OCTEXPsuite\\ExceptionTestCase\\step_2.png",
                    "Chrome",
                    "77.0.3865.75",
                    "C:\\Users\\yashwanth\\Desktop\\svn\\sprint11\\1001\\uploads\\opal\\MyDemoProject\\suites\\OCTEXPsuite\\.\\Screenshot\\EachStepScreenshot\\523_OCTEXPsuite\\ExceptionTestCase\\step_3.png",
                    "Chrome",
                    "77.0.3865.75",
                    "C:\\Users\\yashwanth\\Desktop\\svn\\sprint11\\1001\\uploads\\opal\\MyDemoProject\\suites\\OCTEXPsuite\\.\\Screenshot\\FailedScreenshot\\523_OCTEXPsuite\\ExceptionTestCase\\step_4.png"
          ]},
          "total": 6,
          "suite": {
                    "test": {
                              "started-at": "2019-11-16T04:54:32Z",
                              "name": "Opal1",
                              "finished-at": "2019-11-16T04:55:02Z",
                              "class": {
                                        "test-method": [
                                                  {
                                                            "reporter-output": {"line": [
                                                                      "Chrome",
                                                                      "77.0.3865.75",
                                                                      "C:\\Users\\yashwanth\\Desktop\\svn\\sprint11\\1001\\uploads\\opal\\MyDemoProject\\suites\\OCTEXPsuite\\.\\Screenshot\\EachStepScreenshot\\523_OCTEXPsuite\\ExceptionTestCase\\step_0.png",
                                                                      "C:\\Users\\yashwanth\\Desktop\\svn\\sprint11\\1001\\uploads\\opal\\MyDemoProject\\suites\\OCTEXPsuite\\.\\Videos\\523_OCTEXPsuite_ExceptionTestCase.mp4"
                                                            ]},
                                                            "signature": "step_0()[pri:0, instance:ExceptionModule.ExceptionFeature.ExceptionTestCase@ff5b51f]",
                                                            "started-at": "2019-11-16T10:24:32Z",
                                                            "name": "step_0",
                                                            "finished-at": "2019-11-16T10:24:39Z",
                                                            "status": "PASS",
                                                            "duration-ms": 6727
                                                  },
                                                  {
                                                            "reporter-output": {"line": [
                                                                      "Chrome",
                                                                      "77.0.3865.75",
                                                                      "C:\\Users\\yashwanth\\Desktop\\svn\\sprint11\\1001\\uploads\\opal\\MyDemoProject\\suites\\OCTEXPsuite\\.\\Screenshot\\EachStepScreenshot\\523_OCTEXPsuite\\ExceptionTestCase\\step_1.png"
                                                            ]},
                                                            "signature": "step_1()[pri:0, instance:ExceptionModule.ExceptionFeature.ExceptionTestCase@ff5b51f]",
                                                            "started-at": "2019-11-16T10:24:39Z",
                                                            "name": "step_1",
                                                            "finished-at": "2019-11-16T10:24:46Z",
                                                            "status": "PASS",
                                                            "duration-ms": 6466
                                                  },
                                                  {
                                                            "reporter-output": {"line": [
                                                                      "Chrome",
                                                                      "77.0.3865.75",
                                                                      "C:\\Users\\yashwanth\\Desktop\\svn\\sprint11\\1001\\uploads\\opal\\MyDemoProject\\suites\\OCTEXPsuite\\.\\Screenshot\\EachStepScreenshot\\523_OCTEXPsuite\\ExceptionTestCase\\step_2.png"
                                                            ]},
                                                            "signature": "step_2()[pri:0, instance:ExceptionModule.ExceptionFeature.ExceptionTestCase@ff5b51f]",
                                                            "started-at": "2019-11-16T10:24:46Z",
                                                            "name": "step_2",
                                                            "finished-at": "2019-11-16T10:24:49Z",
                                                            "status": "PASS",
                                                            "duration-ms": 3476
                                                  },
                                                  {
                                                            "reporter-output": {"line": [
                                                                      "Chrome",
                                                                      "77.0.3865.75",
                                                                      "C:\\Users\\yashwanth\\Desktop\\svn\\sprint11\\1001\\uploads\\opal\\MyDemoProject\\suites\\OCTEXPsuite\\.\\Screenshot\\EachStepScreenshot\\523_OCTEXPsuite\\ExceptionTestCase\\step_3.png"
                                                            ]},
                                                            "signature": "step_3()[pri:0, instance:ExceptionModule.ExceptionFeature.ExceptionTestCase@ff5b51f]",
                                                            "started-at": "2019-11-16T10:24:49Z",
                                                            "name": "step_3",
                                                            "finished-at": "2019-11-16T10:24:52Z",
                                                            "status": "PASS",
                                                            "duration-ms": 2617
                                                  },
                                                  {
                                                            "exception": {
                                                                      "full-stacktrace": "org.openqa.selenium.NoSuchElementException: no such element: Unable to locate element: {\"method\":\"css selector\",\"selector\":\"#nosd\"}\n  (Session info: chrome=77.0.3865.75)\nFor documentation on this error, please visit: http://seleniumhq.org/exceptions/no_such_element.html\nBuild info: version: '3.11.0', revision: 'e59cfb3', time: '2018-03-11T20:26:55.152Z'\nSystem info: host: 'DESKTOP-LSUVMN2', ip: '192.168.99.1', os.name: 'Windows 10', os.arch: 'amd64', os.version: '10.0', java.version: '1.8.0_171'\nDriver info: org.openqa.selenium.remote.RemoteWebDriver\nCapabilities {acceptInsecureCerts: false, browserName: chrome, browserVersion: 77.0.3865.75, chrome: {chromedriverVersion: 77.0.3865.40 (f484704e052e0..., userDataDir: /tmp/.com.google.Chrome.O3nKks}, goog:chromeOptions: {debuggerAddress: localhost:45775}, javascriptEnabled: true, networkConnectionEnabled: false, pageLoadStrategy: normal, platform: LINUX, platformName: LINUX, proxy: Proxy(), setWindowRect: true, strictFileInteractability: false, timeouts: {implicit: 0, pageLoad: 300000, script: 30000}, unhandledPromptBehavior: dismiss and notify, webdriver.remote.sessionid: 3bf49331aae6a92aa11f4ce2c27...}\nSession ID: 3bf49331aae6a92aa11f4ce2c279407e\n*** Element info: {Using=id, value=nosd}\r\n\tat sun.reflect.NativeConstructorAccessorImpl.newInstance0(Native Method)\r\n\tat sun.reflect.NativeConstructorAccessorImpl.newInstance(NativeConstructorAccessorImpl.java:62)\r\n\tat sun.reflect.DelegatingConstructorAccessorImpl.newInstance(DelegatingConstructorAccessorImpl.java:45)\r\n\tat java.lang.reflect.Constructor.newInstance(Constructor.java:423)\r\n\tat org.openqa.selenium.remote.http.W3CHttpResponseCodec.createException(W3CHttpResponseCodec.java:187)\r\n\tat org.openqa.selenium.remote.http.W3CHttpResponseCodec.decode(W3CHttpResponseCodec.java:122)\r\n\tat org.openqa.selenium.remote.http.W3CHttpResponseCodec.decode(W3CHttpResponseCodec.java:49)\r\n\tat org.openqa.selenium.remote.HttpCommandExecutor.execute(HttpCommandExecutor.java:158)\r\n\tat org.openqa.selenium.remote.RemoteWebDriver.execute(RemoteWebDriver.java:545)\r\n\tat org.openqa.selenium.remote.RemoteWebDriver.findElement(RemoteWebDriver.java:319)\r\n\tat org.openqa.selenium.remote.RemoteWebDriver.findElementById(RemoteWebDriver.java:365)\r\n\tat org.openqa.selenium.By$ById.findElement(By.java:218)\r\n\tat org.openqa.selenium.remote.RemoteWebDriver.findElement(RemoteWebDriver.java:311)\r\n\tat org.openqa.selenium.support.pagefactory.DefaultElementLocator.findElement(DefaultElementLocator.java:69)\r\n\tat org.openqa.selenium.support.pagefactory.internal.LocatingElementHandler.invoke(LocatingElementHandler.java:38)\r\n\tat com.sun.proxy.$Proxy6.click(Unknown Source)\r\n\tat reuseablePackage.feature.AllActions.Click(AllActions.java:807)\r\n\tat ExceptionModule.ExceptionFeature.ExceptionTestCase.step_4(ExceptionTestCase.java:160)\r\n\tat sun.reflect.NativeMethodAccessorImpl.invoke0(Native Method)\r\n\tat sun.reflect.NativeMethodAccessorImpl.invoke(NativeMethodAccessorImpl.java:62)\r\n\tat sun.reflect.DelegatingMethodAccessorImpl.invoke(DelegatingMethodAccessorImpl.java:43)\r\n\tat java.lang.reflect.Method.invoke(Method.java:498)\r\n\tat org.testng.internal.MethodInvocationHelper.invokeMethod(MethodInvocationHelper.java:80)\r\n\tat org.testng.internal.Invoker.invokeMethod(Invoker.java:714)\r\n\tat org.testng.internal.Invoker.invokeTestMethod(Invoker.java:901)\r\n\tat org.testng.internal.Invoker.invokeTestMethods(Invoker.java:1231)\r\n\tat org.testng.internal.TestMethodWorker.invokeTestMethods(TestMethodWorker.java:127)\r\n\tat org.testng.internal.TestMethodWorker.run(TestMethodWorker.java:111)\r\n\tat org.testng.TestRunner.privateRun(TestRunner.java:767)\r\n\tat org.testng.TestRunner.run(TestRunner.java:617)\r\n\tat org.testng.SuiteRunner.runTest(SuiteRunner.java:334)\r\n\tat org.testng.SuiteRunner.access$000(SuiteRunner.java:37)\r\n\tat org.testng.SuiteRunner$SuiteWorker.run(SuiteRunner.java:368)\r\n\tat org.testng.internal.thread.ThreadUtil$2.call(ThreadUtil.java:64)\r\n\tat java.util.concurrent.FutureTask.run(FutureTask.java:266)\r\n\tat java.util.concurrent.ThreadPoolExecutor.runWorker(ThreadPoolExecutor.java:1149)\r\n\tat java.util.concurrent.ThreadPoolExecutor$Worker.run(ThreadPoolExecutor.java:624)\r\n\tat java.lang.Thread.run(Thread.java:748)\r\n",
                                                                      "message": "no such element: Unable to locate element: {\"method\":\"css selector\",\"selector\":\"#nosd\"}\n  (Session info: chrome=77.0.3865.75)\nFor documentation on this error, please visit: http://seleniumhq.org/exceptions/no_such_element.html\nBuild info: version: '3.11.0', revision: 'e59cfb3', time: '2018-03-11T20:26:55.152Z'\nSystem info: host: 'DESKTOP-LSUVMN2', ip: '192.168.99.1', os.name: 'Windows 10', os.arch: 'amd64', os.version: '10.0', java.version: '1.8.0_171'\nDriver info: org.openqa.selenium.remote.RemoteWebDriver\nCapabilities {acceptInsecureCerts: false, browserName: chrome, browserVersion: 77.0.3865.75, chrome: {chromedriverVersion: 77.0.3865.40 (f484704e052e0..., userDataDir: /tmp/.com.google.Chrome.O3nKks}, goog:chromeOptions: {debuggerAddress: localhost:45775}, javascriptEnabled: true, networkConnectionEnabled: false, pageLoadStrategy: normal, platform: LINUX, platformName: LINUX, proxy: Proxy(), setWindowRect: true, strictFileInteractability: false, timeouts: {implicit: 0, pageLoad: 300000, script: 30000}, unhandledPromptBehavior: dismiss and notify, webdriver.remote.sessionid: 3bf49331aae6a92aa11f4ce2c27...}\nSession ID: 3bf49331aae6a92aa11f4ce2c279407e\n*** Element info: {Using=id, value=nosd}",
                                                                      "class": "org.openqa.selenium.NoSuchElementException"
                                                            },
                                                            "reporter-output": {"line": [
                                                                      "Chrome",
                                                                      "77.0.3865.75",
                                                                      "C:\\Users\\yashwanth\\Desktop\\svn\\sprint11\\1001\\uploads\\opal\\MyDemoProject\\suites\\OCTEXPsuite\\.\\Screenshot\\FailedScreenshot\\523_OCTEXPsuite\\ExceptionTestCase\\step_4.png"
                                                            ]},
                                                            "signature": "step_4()[pri:0, instance:ExceptionModule.ExceptionFeature.ExceptionTestCase@ff5b51f]",
                                                            "started-at": "2019-11-16T10:24:52Z",
                                                            "name": "step_4",
                                                            "finished-at": "2019-11-16T10:25:02Z",
                                                            "status": "FAIL",
                                                            "duration-ms": 10130
                                                  },
                                                  {
                                                            "exception": {
                                                                      "full-stacktrace": "org.openqa.selenium.NoSuchSessionException: Session ID is null. Using WebDriver after calling quit()?\nBuild info: version: '3.11.0', revision: 'e59cfb3', time: '2018-03-11T20:26:55.152Z'\nSystem info: host: 'DESKTOP-LSUVMN2', ip: '192.168.99.1', os.name: 'Windows 10', os.arch: 'amd64', os.version: '10.0', java.version: '1.8.0_171'\nDriver info: driver.version: RemoteWebDriver\r\n\tat org.openqa.selenium.remote.HttpCommandExecutor.execute(HttpCommandExecutor.java:125)\r\n\tat org.openqa.selenium.remote.RemoteWebDriver.execute(RemoteWebDriver.java:545)\r\n\tat org.openqa.selenium.remote.RemoteWebDriver.execute(RemoteWebDriver.java:602)\r\n\tat org.openqa.selenium.remote.RemoteWebDriver.getScreenshotAs(RemoteWebDriver.java:291)\r\n\tat reuseablePackage.feature.AllActions.CaptureOnFailure(AllActions.java:1093)\r\n\tat ExceptionModule.ExceptionFeature.ExceptionTestCase.step_5(ExceptionTestCase.java:204)\r\n\tat sun.reflect.NativeMethodAccessorImpl.invoke0(Native Method)\r\n\tat sun.reflect.NativeMethodAccessorImpl.invoke(NativeMethodAccessorImpl.java:62)\r\n\tat sun.reflect.DelegatingMethodAccessorImpl.invoke(DelegatingMethodAccessorImpl.java:43)\r\n\tat java.lang.reflect.Method.invoke(Method.java:498)\r\n\tat org.testng.internal.MethodInvocationHelper.invokeMethod(MethodInvocationHelper.java:80)\r\n\tat org.testng.internal.Invoker.invokeMethod(Invoker.java:714)\r\n\tat org.testng.internal.Invoker.invokeTestMethod(Invoker.java:901)\r\n\tat org.testng.internal.Invoker.invokeTestMethods(Invoker.java:1231)\r\n\tat org.testng.internal.TestMethodWorker.invokeTestMethods(TestMethodWorker.java:127)\r\n\tat org.testng.internal.TestMethodWorker.run(TestMethodWorker.java:111)\r\n\tat org.testng.TestRunner.privateRun(TestRunner.java:767)\r\n\tat org.testng.TestRunner.run(TestRunner.java:617)\r\n\tat org.testng.SuiteRunner.runTest(SuiteRunner.java:334)\r\n\tat org.testng.SuiteRunner.access$000(SuiteRunner.java:37)\r\n\tat org.testng.SuiteRunner$SuiteWorker.run(SuiteRunner.java:368)\r\n\tat org.testng.internal.thread.ThreadUtil$2.call(ThreadUtil.java:64)\r\n\tat java.util.concurrent.FutureTask.run(FutureTask.java:266)\r\n\tat java.util.concurrent.ThreadPoolExecutor.runWorker(ThreadPoolExecutor.java:1149)\r\n\tat java.util.concurrent.ThreadPoolExecutor$Worker.run(ThreadPoolExecutor.java:624)\r\n\tat java.lang.Thread.run(Thread.java:748)\r\n",
                                                                      "message": "Session ID is null. Using WebDriver after calling quit()?\nBuild info: version: '3.11.0', revision: 'e59cfb3', time: '2018-03-11T20:26:55.152Z'\nSystem info: host: 'DESKTOP-LSUVMN2', ip: '192.168.99.1', os.name: 'Windows 10', os.arch: 'amd64', os.version: '10.0', java.version: '1.8.0_171'\nDriver info: driver.version: RemoteWebDriver",
                                                                      "class": "org.openqa.selenium.NoSuchSessionException"
                                                            },
                                                            "reporter-output": "",
                                                            "signature": "step_5()[pri:0, instance:ExceptionModule.ExceptionFeature.ExceptionTestCase@ff5b51f]",
                                                            "started-at": "2019-11-16T10:25:02Z",
                                                            "name": "step_5",
                                                            "finished-at": "2019-11-16T10:25:02Z",
                                                            "status": "FAIL",
                                                            "duration-ms": 4
                                                  }
                                        ],
                                        "name": "ExceptionModule.ExceptionFeature.ExceptionTestCase"
                              },
                              "duration-ms": 29461
                    },
                    "started-at": "2019-11-16T04:54:32Z",
                    "name": "OCTEXPsuite",
                    "groups": "",
                    "finished-at": "2019-11-16T04:55:02Z",
                    "duration-ms": 29461
          },
          "failed": 2,
          "passed": 4,
          "skipped": 0
}}