<?xml version="1.0" encoding="UTF-8"?>
<testng-results skipped="0" failed="1" total="7" passed="6">
  <reporter-output>
    <line>
      <![CDATA[Chrome]]>
    </line>
    <line>
      <![CDATA[70.0.3538.77]]>
    </line>
    <line>
      <![CDATA[C:\Users\yashwanth\Desktop\svn\sprint11\1001\uploads\opal\MyDemoProject\suites\PassingTwoSuit\.\Screenshot\EachStepScreenshot\497_PassingTwoSuit\AutomationPassScript\step_0.png]]>
    </line>
    <line>
      <![CDATA[C:\Users\yashwanth\Desktop\svn\sprint11\1001\uploads\opal\MyDemoProject\suites\PassingTwoSuit\.\Videos\497_PassingTwoSuit_AutomationPassScript.mp4]]>
    </line>
    <line>
      <![CDATA[Chrome]]>
    </line>
    <line>
      <![CDATA[70.0.3538.77]]>
    </line>
    <line>
      <![CDATA[C:\Users\yashwanth\Desktop\svn\sprint11\1001\uploads\opal\MyDemoProject\suites\PassingTwoSuit\.\Screenshot\EachStepScreenshot\497_PassingTwoSuit\AutomationPassScript\step_1.png]]>
    </line>
    <line>
      <![CDATA[Chrome]]>
    </line>
    <line>
      <![CDATA[70.0.3538.77]]>
    </line>
    <line>
      <![CDATA[C:\Users\yashwanth\Desktop\svn\sprint11\1001\uploads\opal\MyDemoProject\suites\PassingTwoSuit\.\Screenshot\EachStepScreenshot\497_PassingTwoSuit\AutomationPassScript\step_2.png]]>
    </line>
    <line>
      <![CDATA[Chrome]]>
    </line>
    <line>
      <![CDATA[70.0.3538.77]]>
    </line>
    <line>
      <![CDATA[C:\Users\yashwanth\Desktop\svn\sprint11\1001\uploads\opal\MyDemoProject\suites\PassingTwoSuit\.\Screenshot\EachStepScreenshot\497_PassingTwoSuit\AutomationPassScript\step_3.png]]>
    </line>
    <line>
      <![CDATA[Chrome]]>
    </line>
    <line>
      <![CDATA[70.0.3538.77]]>
    </line>
    <line>
      <![CDATA[C:\Users\yashwanth\Desktop\svn\sprint11\1001\uploads\opal\MyDemoProject\suites\PassingTwoSuit\.\Screenshot\EachStepScreenshot\497_PassingTwoSuit\AutomationPassScript\step_4.png]]>
    </line>
    <line>
      <![CDATA[Chrome]]>
    </line>
    <line>
      <![CDATA[70.0.3538.77]]>
    </line>
    <line>
      <![CDATA[C:\Users\yashwanth\Desktop\svn\sprint11\1001\uploads\opal\MyDemoProject\suites\PassingTwoSuit\.\Screenshot\EachStepScreenshot\497_PassingTwoSuit\AutomationPassScript\step_5.png]]>
    </line>
    <line>
      <![CDATA[Chrome]]>
    </line>
    <line>
      <![CDATA[70.0.3538.77]]>
    </line>
    <line>
      <![CDATA[C:\Users\yashwanth\Desktop\svn\sprint11\1001\uploads\opal\MyDemoProject\suites\PassingTwoSuit\.\Screenshot\EachStepScreenshot\497_PassingTwoSuit\AutomationPassScript\step_6.png]]>
    </line>
  </reporter-output>
  <suite name="PassingTwoSuit" duration-ms="42944" started-at="2019-11-13T10:33:06Z" finished-at="2019-11-13T10:33:49Z">
    <groups>
    </groups>
    <test name="Opal1" duration-ms="42944" started-at="2019-11-13T10:33:06Z" finished-at="2019-11-13T10:33:49Z">
      <class name="AutomationExModule.AutomationExFeature.AutomationPassScript">
        <test-method status="PASS" signature="step_0()[pri:0, instance:AutomationExModule.AutomationExFeature.AutomationPassScript@ff5b51f]" name="step_0" duration-ms="15591" started-at="2019-11-13T16:03:06Z" finished-at="2019-11-13T16:03:21Z">
          <reporter-output>
            <line>
              <![CDATA[Chrome]]>
            </line>
            <line>
              <![CDATA[70.0.3538.77]]>
            </line>
            <line>
              <![CDATA[C:\Users\yashwanth\Desktop\svn\sprint11\1001\uploads\opal\MyDemoProject\suites\PassingTwoSuit\.\Screenshot\EachStepScreenshot\497_PassingTwoSuit\AutomationPassScript\step_0.png]]>
            </line>
            <line>
              <![CDATA[C:\Users\yashwanth\Desktop\svn\sprint11\1001\uploads\opal\MyDemoProject\suites\PassingTwoSuit\.\Videos\497_PassingTwoSuit_AutomationPassScript.mp4]]>
            </line>
          </reporter-output>
        </test-method> <!-- step_0 -->
        <test-method status="PASS" signature="step_1()[pri:0, instance:AutomationExModule.AutomationExFeature.AutomationPassScript@ff5b51f]" name="step_1" duration-ms="4085" started-at="2019-11-13T16:03:21Z" finished-at="2019-11-13T16:03:25Z">
          <reporter-output>
            <line>
              <![CDATA[Chrome]]>
            </line>
            <line>
              <![CDATA[70.0.3538.77]]>
            </line>
            <line>
              <![CDATA[C:\Users\yashwanth\Desktop\svn\sprint11\1001\uploads\opal\MyDemoProject\suites\PassingTwoSuit\.\Screenshot\EachStepScreenshot\497_PassingTwoSuit\AutomationPassScript\step_1.png]]>
            </line>
          </reporter-output>
        </test-method> <!-- step_1 -->
        <test-method status="PASS" signature="step_2()[pri:0, instance:AutomationExModule.AutomationExFeature.AutomationPassScript@ff5b51f]" name="step_2" duration-ms="3923" started-at="2019-11-13T16:03:25Z" finished-at="2019-11-13T16:03:29Z">
          <reporter-output>
            <line>
              <![CDATA[Chrome]]>
            </line>
            <line>
              <![CDATA[70.0.3538.77]]>
            </line>
            <line>
              <![CDATA[C:\Users\yashwanth\Desktop\svn\sprint11\1001\uploads\opal\MyDemoProject\suites\PassingTwoSuit\.\Screenshot\EachStepScreenshot\497_PassingTwoSuit\AutomationPassScript\step_2.png]]>
            </line>
          </reporter-output>
        </test-method> <!-- step_2 -->
        <test-method status="PASS" signature="step_3()[pri:0, instance:AutomationExModule.AutomationExFeature.AutomationPassScript@ff5b51f]" name="step_3" duration-ms="2135" started-at="2019-11-13T16:03:29Z" finished-at="2019-11-13T16:03:31Z">
          <reporter-output>
            <line>
              <![CDATA[Chrome]]>
            </line>
            <line>
              <![CDATA[70.0.3538.77]]>
            </line>
            <line>
              <![CDATA[C:\Users\yashwanth\Desktop\svn\sprint11\1001\uploads\opal\MyDemoProject\suites\PassingTwoSuit\.\Screenshot\EachStepScreenshot\497_PassingTwoSuit\AutomationPassScript\step_3.png]]>
            </line>
          </reporter-output>
        </test-method> <!-- step_3 -->
        <test-method status="PASS" signature="step_4()[pri:0, instance:AutomationExModule.AutomationExFeature.AutomationPassScript@ff5b51f]" name="step_4" duration-ms="10426" started-at="2019-11-13T16:03:31Z" finished-at="2019-11-13T16:03:42Z">
          <reporter-output>
            <line>
              <![CDATA[Chrome]]>
            </line>
            <line>
              <![CDATA[70.0.3538.77]]>
            </line>
            <line>
              <![CDATA[C:\Users\yashwanth\Desktop\svn\sprint11\1001\uploads\opal\MyDemoProject\suites\PassingTwoSuit\.\Screenshot\EachStepScreenshot\497_PassingTwoSuit\AutomationPassScript\step_4.png]]>
            </line>
          </reporter-output>
        </test-method> <!-- step_4 -->
        <test-method status="PASS" signature="step_5()[pri:0, instance:AutomationExModule.AutomationExFeature.AutomationPassScript@ff5b51f]" name="step_5" duration-ms="3576" started-at="2019-11-13T16:03:42Z" finished-at="2019-11-13T16:03:45Z">
          <reporter-output>
            <line>
              <![CDATA[Chrome]]>
            </line>
            <line>
              <![CDATA[70.0.3538.77]]>
            </line>
            <line>
              <![CDATA[C:\Users\yashwanth\Desktop\svn\sprint11\1001\uploads\opal\MyDemoProject\suites\PassingTwoSuit\.\Screenshot\EachStepScreenshot\497_PassingTwoSuit\AutomationPassScript\step_5.png]]>
            </line>
          </reporter-output>
        </test-method> <!-- step_5 -->
        <test-method status="FAIL" signature="step_6()[pri:0, instance:AutomationExModule.AutomationExFeature.AutomationPassScript@ff5b51f]" name="step_6" duration-ms="3173" started-at="2019-11-13T16:03:45Z" finished-at="2019-11-13T16:03:49Z">
          <exception class="java.lang.AssertionError">
            <message>
              <![CDATA[The following asserts failed:
null]]>
            </message>
            <full-stacktrace>
              <![CDATA[java.lang.AssertionError: The following asserts failed:
null
	at org.testng.asserts.SoftAssert.assertAll(SoftAssert.java:37)
	at reuseablePackage.feature.AllActions.AssertAll(AllActions.java:1339)
	at AutomationExModule.AutomationExFeature.AutomationPassScript.step_6(AutomationPassScript.java:228)
	at sun.reflect.NativeMethodAccessorImpl.invoke0(Native Method)
	at sun.reflect.NativeMethodAccessorImpl.invoke(NativeMethodAccessorImpl.java:62)
	at sun.reflect.DelegatingMethodAccessorImpl.invoke(DelegatingMethodAccessorImpl.java:43)
	at java.lang.reflect.Method.invoke(Method.java:498)
	at org.testng.internal.MethodInvocationHelper.invokeMethod(MethodInvocationHelper.java:80)
	at org.testng.internal.Invoker.invokeMethod(Invoker.java:714)
	at org.testng.internal.Invoker.invokeTestMethod(Invoker.java:901)
	at org.testng.internal.Invoker.invokeTestMethods(Invoker.java:1231)
	at org.testng.internal.TestMethodWorker.invokeTestMethods(TestMethodWorker.java:127)
	at org.testng.internal.TestMethodWorker.run(TestMethodWorker.java:111)
	at org.testng.TestRunner.privateRun(TestRunner.java:767)
	at org.testng.TestRunner.run(TestRunner.java:617)
	at org.testng.SuiteRunner.runTest(SuiteRunner.java:334)
	at org.testng.SuiteRunner.access$000(SuiteRunner.java:37)
	at org.testng.SuiteRunner$SuiteWorker.run(SuiteRunner.java:368)
	at org.testng.internal.thread.ThreadUtil$2.call(ThreadUtil.java:64)
	at java.util.concurrent.FutureTask.run(FutureTask.java:266)
	at java.util.concurrent.ThreadPoolExecutor.runWorker(ThreadPoolExecutor.java:1149)
	at java.util.concurrent.ThreadPoolExecutor$Worker.run(ThreadPoolExecutor.java:624)
	at java.lang.Thread.run(Thread.java:748)
]]>
            </full-stacktrace>
          </exception> <!-- java.lang.AssertionError -->
          <reporter-output>
            <line>
              <![CDATA[Chrome]]>
            </line>
            <line>
              <![CDATA[70.0.3538.77]]>
            </line>
            <line>
              <![CDATA[C:\Users\yashwanth\Desktop\svn\sprint11\1001\uploads\opal\MyDemoProject\suites\PassingTwoSuit\.\Screenshot\EachStepScreenshot\497_PassingTwoSuit\AutomationPassScript\step_6.png]]>
            </line>
          </reporter-output>
        </test-method> <!-- step_6 -->
      </class> <!-- AutomationExModule.AutomationExFeature.AutomationPassScript -->
    </test> <!-- Opal1 -->
  </suite> <!-- PassingTwoSuit -->
</testng-results>
